This is pdfTeX, Version 3.14159265-2.6-1.40.20 (TeX Live 2019/Arch Linux) (preloaded format=pdflatex 2020.6.17)  21 JUN 2020 08:09
entering extended mode
 restricted \write18 enabled.
 %&-line parsing enabled.
**sample.tex
(./sample.tex
LaTeX2e <2019-10-01> patch level 1
(./resonance.cls
Document Class: resonance 
(/usr/share/texmf-dist/tex/latex/base/size11.clo
File: size11.clo 2019/08/27 v1.4j Standard LaTeX file (size option)
)
\monthyear=\toks14
\artNature=\toks15
\c@part=\count80
\c@section=\count81
\c@subsection=\count82
\c@subsubsection=\count83
\c@paragraph=\count84
\c@subparagraph=\count85
\c@figure=\count86
\c@table=\count87
\abovecaptionskip=\skip41
\belowcaptionskip=\skip42
\bibindent=\dimen102

(/usr/share/texmf-dist/tex/latex/marginnote/marginnote.sty
Package: marginnote 2018/08/09 v1.4b non floating margin notes for LaTeX
\c@mn@abspage=\count88
)
(/usr/share/texmf-dist/tex/latex/tools/array.sty
Package: array 2019/08/31 v2.4l Tabular extension package (FMi)
\col@sep=\dimen103
\ar@mcellbox=\box27
\extrarowheight=\dimen104
\NC@list=\toks16
\extratabsurround=\skip43
\backup@length=\skip44
\ar@cellbox=\box28
)
(/usr/share/texmf-dist/tex/latex/amsmath/amsmath.sty
Package: amsmath 2019/04/01 v2.17c AMS math features
\@mathmargin=\skip45

For additional information on amsmath, use the `?' option.
(/usr/share/texmf-dist/tex/latex/amsmath/amstext.sty
Package: amstext 2000/06/29 v2.01 AMS text

(/usr/share/texmf-dist/tex/latex/amsmath/amsgen.sty
File: amsgen.sty 1999/11/30 v2.0 generic functions
\@emptytoks=\toks17
\ex@=\dimen105
))
(/usr/share/texmf-dist/tex/latex/amsmath/amsbsy.sty
Package: amsbsy 1999/11/29 v1.2d Bold Symbols
\pmbraise@=\dimen106
)
(/usr/share/texmf-dist/tex/latex/amsmath/amsopn.sty
Package: amsopn 2016/03/08 v2.02 operator names
)
\inf@bad=\count89
LaTeX Info: Redefining \frac on input line 227.
\uproot@=\count90
\leftroot@=\count91
LaTeX Info: Redefining \overline on input line 389.
\classnum@=\count92
\DOTSCASE@=\count93
LaTeX Info: Redefining \ldots on input line 486.
LaTeX Info: Redefining \dots on input line 489.
LaTeX Info: Redefining \cdots on input line 610.
\Mathstrutbox@=\box29
\strutbox@=\box30
\big@size=\dimen107
LaTeX Font Info:    Redeclaring font encoding OML on input line 733.
LaTeX Font Info:    Redeclaring font encoding OMS on input line 734.
\macc@depth=\count94
\c@MaxMatrixCols=\count95
\dotsspace@=\muskip10
\c@parentequation=\count96
\dspbrk@lvl=\count97
\tag@help=\toks18
\row@=\count98
\column@=\count99
\maxfields@=\count100
\andhelp@=\toks19
\eqnshift@=\dimen108
\alignsep@=\dimen109
\tagshift@=\dimen110
\tagwidth@=\dimen111
\totwidth@=\dimen112
\lineht@=\dimen113
\@envbody=\toks20
\multlinegap=\skip46
\multlinetaggap=\skip47
\mathdisplay@stack=\toks21
LaTeX Info: Redefining \[ on input line 2855.
LaTeX Info: Redefining \] on input line 2856.
)
(/usr/share/texmf-dist/tex/latex/amsfonts/amsfonts.sty
Package: amsfonts 2013/01/14 v3.01 Basic AMSFonts support
\symAMSa=\mathgroup4
\symAMSb=\mathgroup5
LaTeX Font Info:    Redeclaring math symbol \hbar on input line 98.
LaTeX Font Info:    Overwriting math alphabet `\mathfrak' in version `bold'
(Font)                  U/euf/m/n --> U/euf/b/n on input line 106.
)
(/usr/share/texmf-dist/tex/latex/amscls/amsthm.sty
Package: amsthm 2017/10/31 v2.20.4
\thm@style=\toks22
\thm@bodyfont=\toks23
\thm@headfont=\toks24
\thm@notefont=\toks25
\thm@headpunct=\toks26
\thm@preskip=\skip48
\thm@postskip=\skip49
\thm@headsep=\skip50
\dth@everypar=\toks27
)
(/usr/share/texmf-dist/tex/latex/amsfonts/amssymb.sty
Package: amssymb 2013/01/14 v3.01 AMS font symbols
)
(/usr/share/texmf-dist/tex/latex/graphics/graphicx.sty
Package: graphicx 2017/06/01 v1.1a Enhanced LaTeX Graphics (DPC,SPQR)

(/usr/share/texmf-dist/tex/latex/graphics/keyval.sty
Package: keyval 2014/10/28 v1.15 key=value parser (DPC)
\KV@toks@=\toks28
)
(/usr/share/texmf-dist/tex/latex/graphics/graphics.sty
Package: graphics 2019/10/08 v1.3c Standard LaTeX Graphics (DPC,SPQR)

(/usr/share/texmf-dist/tex/latex/graphics/trig.sty
Package: trig 2016/01/03 v1.10 sin cos tan (DPC)
)
(/usr/share/texmf-dist/tex/latex/graphics-cfg/graphics.cfg
File: graphics.cfg 2016/06/04 v1.11 sample graphics configuration
)
Package graphics Info: Driver file: pdftex.def on input line 105.

(/usr/share/texmf-dist/tex/latex/graphics-def/pdftex.def
File: pdftex.def 2018/01/08 v1.0l Graphics/color driver for pdftex
))
\Gin@req@height=\dimen114
\Gin@req@width=\dimen115
)
(/usr/share/texmf-dist/tex/latex/xcolor/xcolor.sty
Package: xcolor 2016/05/11 v2.12 LaTeX color extensions (UK)

(/usr/share/texmf-dist/tex/latex/graphics-cfg/color.cfg
File: color.cfg 2016/01/02 v1.6 sample color configuration
)
Package xcolor Info: Driver file: pdftex.def on input line 225.

(/usr/share/texmf-dist/tex/latex/colortbl/colortbl.sty
Package: colortbl 2018/12/12 v1.0d Color table columns (DPC)
\everycr=\toks29
\minrowclearance=\skip51
)
\rownum=\count101
Package xcolor Info: Model `cmy' substituted by `cmy0' on input line 1348.
Package xcolor Info: Model `hsb' substituted by `rgb' on input line 1352.
Package xcolor Info: Model `RGB' extended on input line 1364.
Package xcolor Info: Model `HTML' substituted by `rgb' on input line 1366.
Package xcolor Info: Model `Hsb' substituted by `hsb' on input line 1367.
Package xcolor Info: Model `tHsb' substituted by `hsb' on input line 1368.
Package xcolor Info: Model `HSB' substituted by `hsb' on input line 1369.
Package xcolor Info: Model `Gray' substituted by `gray' on input line 1370.
Package xcolor Info: Model `wave' substituted by `hsb' on input line 1371.
)
(/usr/share/texmf-dist/tex/latex/geometry/geometry.sty
Package: geometry 2018/04/16 v5.8 Page Geometry

(/usr/share/texmf-dist/tex/generic/oberdiek/ifpdf.sty
Package: ifpdf 2018/09/07 v3.3 Provides the ifpdf switch
)
(/usr/share/texmf-dist/tex/generic/oberdiek/ifvtex.sty
Package: ifvtex 2016/05/16 v1.6 Detect VTeX and its facilities (HO)
Package ifvtex Info: VTeX not detected.
)
(/usr/share/texmf-dist/tex/generic/ifxetex/ifxetex.sty
Package: ifxetex 2010/09/12 v0.6 Provides ifxetex conditional
)
\Gm@cnth=\count102
\Gm@cntv=\count103
\c@Gm@tempcnt=\count104
\Gm@bindingoffset=\dimen116
\Gm@wd@mp=\dimen117
\Gm@odd@mp=\dimen118
\Gm@even@mp=\dimen119
\Gm@layoutwidth=\dimen120
\Gm@layoutheight=\dimen121
\Gm@layouthoffset=\dimen122
\Gm@layoutvoffset=\dimen123
\Gm@dimlist=\toks30
)
(/usr/share/texmf-dist/tex/latex/txfonts/txfonts.sty
Package: txfonts 2008/01/22 v3.2.1
LaTeX Font Info:    Redeclaring symbol font `operators' on input line 21.
LaTeX Font Info:    Overwriting symbol font `operators' in version `normal'
(Font)                  OT1/cmr/m/n --> OT1/txr/m/n on input line 21.
LaTeX Font Info:    Overwriting symbol font `operators' in version `bold'
(Font)                  OT1/cmr/bx/n --> OT1/txr/m/n on input line 21.
LaTeX Font Info:    Overwriting symbol font `operators' in version `bold'
(Font)                  OT1/txr/m/n --> OT1/txr/bx/n on input line 22.
\symitalic=\mathgroup6
LaTeX Font Info:    Overwriting symbol font `italic' in version `bold'
(Font)                  OT1/txr/m/it --> OT1/txr/bx/it on input line 26.
LaTeX Font Info:    Redeclaring math alphabet \mathbf on input line 29.
LaTeX Font Info:    Overwriting math alphabet `\mathbf' in version `normal'
(Font)                  OT1/cmr/bx/n --> OT1/txr/bx/n on input line 29.
LaTeX Font Info:    Overwriting math alphabet `\mathbf' in version `bold'
(Font)                  OT1/cmr/bx/n --> OT1/txr/bx/n on input line 29.
LaTeX Font Info:    Redeclaring math alphabet \mathit on input line 30.
LaTeX Font Info:    Overwriting math alphabet `\mathit' in version `normal'
(Font)                  OT1/cmr/m/it --> OT1/txr/m/it on input line 30.
LaTeX Font Info:    Overwriting math alphabet `\mathit' in version `bold'
(Font)                  OT1/cmr/bx/it --> OT1/txr/m/it on input line 30.
LaTeX Font Info:    Overwriting math alphabet `\mathit' in version `bold'
(Font)                  OT1/txr/m/it --> OT1/txr/bx/it on input line 31.
LaTeX Font Info:    Redeclaring math alphabet \mathsf on input line 40.
LaTeX Font Info:    Overwriting math alphabet `\mathsf' in version `normal'
(Font)                  OT1/cmss/m/n --> OT1/txss/m/n on input line 40.
LaTeX Font Info:    Overwriting math alphabet `\mathsf' in version `bold'
(Font)                  OT1/cmss/bx/n --> OT1/txss/m/n on input line 40.
LaTeX Font Info:    Overwriting math alphabet `\mathsf' in version `bold'
(Font)                  OT1/txss/m/n --> OT1/txss/b/n on input line 41.
LaTeX Font Info:    Redeclaring math alphabet \mathtt on input line 50.
LaTeX Font Info:    Overwriting math alphabet `\mathtt' in version `normal'
(Font)                  OT1/cmtt/m/n --> OT1/txtt/m/n on input line 50.
LaTeX Font Info:    Overwriting math alphabet `\mathtt' in version `bold'
(Font)                  OT1/cmtt/m/n --> OT1/txtt/m/n on input line 50.
LaTeX Font Info:    Overwriting math alphabet `\mathtt' in version `bold'
(Font)                  OT1/txtt/m/n --> OT1/txtt/b/n on input line 51.
LaTeX Font Info:    Redeclaring symbol font `letters' on input line 58.
LaTeX Font Info:    Overwriting symbol font `letters' in version `normal'
(Font)                  OML/cmm/m/it --> OML/txmi/m/it on input line 58.
LaTeX Font Info:    Overwriting symbol font `letters' in version `bold'
(Font)                  OML/cmm/b/it --> OML/txmi/m/it on input line 58.
LaTeX Font Info:    Overwriting symbol font `letters' in version `bold'
(Font)                  OML/txmi/m/it --> OML/txmi/bx/it on input line 59.
\symlettersA=\mathgroup7
LaTeX Font Info:    Overwriting symbol font `lettersA' in version `bold'
(Font)                  U/txmia/m/it --> U/txmia/bx/it on input line 67.
LaTeX Font Info:    Redeclaring math alphabet \mathfrak on input line 70.
LaTeX Font Info:    Redeclaring symbol font `symbols' on input line 77.
LaTeX Font Info:    Overwriting symbol font `symbols' in version `normal'
(Font)                  OMS/cmsy/m/n --> OMS/txsy/m/n on input line 77.
LaTeX Font Info:    Overwriting symbol font `symbols' in version `bold'
(Font)                  OMS/cmsy/b/n --> OMS/txsy/m/n on input line 77.
LaTeX Font Info:    Overwriting symbol font `symbols' in version `bold'
(Font)                  OMS/txsy/m/n --> OMS/txsy/bx/n on input line 78.
LaTeX Font Info:    Redeclaring symbol font `AMSa' on input line 93.
LaTeX Font Info:    Overwriting symbol font `AMSa' in version `normal'
(Font)                  U/msa/m/n --> U/txsya/m/n on input line 93.
LaTeX Font Info:    Overwriting symbol font `AMSa' in version `bold'
(Font)                  U/msa/m/n --> U/txsya/m/n on input line 93.
LaTeX Font Info:    Overwriting symbol font `AMSa' in version `bold'
(Font)                  U/txsya/m/n --> U/txsya/bx/n on input line 94.
LaTeX Font Info:    Redeclaring symbol font `AMSb' on input line 102.
LaTeX Font Info:    Overwriting symbol font `AMSb' in version `normal'
(Font)                  U/msb/m/n --> U/txsyb/m/n on input line 102.
LaTeX Font Info:    Overwriting symbol font `AMSb' in version `bold'
(Font)                  U/msb/m/n --> U/txsyb/m/n on input line 102.
LaTeX Font Info:    Overwriting symbol font `AMSb' in version `bold'
(Font)                  U/txsyb/m/n --> U/txsyb/bx/n on input line 103.
\symsymbolsC=\mathgroup8
LaTeX Font Info:    Overwriting symbol font `symbolsC' in version `bold'
(Font)                  U/txsyc/m/n --> U/txsyc/bx/n on input line 113.
LaTeX Font Info:    Redeclaring symbol font `largesymbols' on input line 120.
LaTeX Font Info:    Overwriting symbol font `largesymbols' in version `normal'
(Font)                  OMX/cmex/m/n --> OMX/txex/m/n on input line 120.
LaTeX Font Info:    Overwriting symbol font `largesymbols' in version `bold'
(Font)                  OMX/cmex/m/n --> OMX/txex/m/n on input line 120.
LaTeX Font Info:    Overwriting symbol font `largesymbols' in version `bold'
(Font)                  OMX/txex/m/n --> OMX/txex/bx/n on input line 121.
\symlargesymbolsA=\mathgroup9
LaTeX Font Info:    Overwriting symbol font `largesymbolsA' in version `bold'
(Font)                  U/txexa/m/n --> U/txexa/bx/n on input line 129.
LaTeX Font Info:    Redeclaring math symbol \mathsterling on input line 164.
LaTeX Font Info:    Redeclaring math delimiter \ulcorner on input line 475.
LaTeX Font Info:    Redeclaring math delimiter \urcorner on input line 476.
LaTeX Font Info:    Redeclaring math delimiter \llcorner on input line 482.
LaTeX Font Info:    Redeclaring math delimiter \lrcorner on input line 483.
LaTeX Info: Redefining \not on input line 1043.
LaTeX Info: Redefining \textsquare on input line 1063.
LaTeX Info: Redefining \openbox on input line 1064.
)
\boxHead=\toks31
\c@boxTextcount=\count105
)
(/usr/share/texmf-dist/tex/latex/hyperref/hyperref.sty
Package: hyperref 2019/09/28 v7.00a Hypertext links for LaTeX

(/usr/share/texmf-dist/tex/generic/oberdiek/hobsub-hyperref.sty
Package: hobsub-hyperref 2016/05/16 v1.14 Bundle oberdiek, subset hyperref (HO)


(/usr/share/texmf-dist/tex/generic/oberdiek/hobsub-generic.sty
Package: hobsub-generic 2016/05/16 v1.14 Bundle oberdiek, subset generic (HO)
Package: hobsub 2016/05/16 v1.14 Construct package bundles (HO)
Package: infwarerr 2016/05/16 v1.4 Providing info/warning/error messages (HO)
Package: ltxcmds 2016/05/16 v1.23 LaTeX kernel commands for general use (HO)
Package: ifluatex 2016/05/16 v1.4 Provides the ifluatex switch (HO)
Package ifluatex Info: LuaTeX not detected.
Package hobsub Info: Skipping package `ifvtex' (already loaded).
Package: intcalc 2016/05/16 v1.2 Expandable calculations with integers (HO)
Package hobsub Info: Skipping package `ifpdf' (already loaded).
Package: etexcmds 2016/05/16 v1.6 Avoid name clashes with e-TeX commands (HO)
Package: kvsetkeys 2016/05/16 v1.17 Key value parser (HO)
Package: kvdefinekeys 2016/05/16 v1.4 Define keys (HO)
Package: pdftexcmds 2019/07/25 v0.30 Utility functions of pdfTeX for LuaTeX (HO
)
Package pdftexcmds Info: LuaTeX not detected.
Package pdftexcmds Info: \pdf@primitive is available.
Package pdftexcmds Info: \pdf@ifprimitive is available.
Package pdftexcmds Info: \pdfdraftmode found.
Package: pdfescape 2016/05/16 v1.14 Implements pdfTeX's escape features (HO)
Package: bigintcalc 2016/05/16 v1.4 Expandable calculations on big integers (HO
)
Package: bitset 2016/05/16 v1.2 Handle bit-vector datatype (HO)
Package: uniquecounter 2016/05/16 v1.3 Provide unlimited unique counter (HO)
)
Package hobsub Info: Skipping package `hobsub' (already loaded).
Package: letltxmacro 2016/05/16 v1.5 Let assignment for LaTeX macros (HO)
Package: hopatch 2016/05/16 v1.3 Wrapper for package hooks (HO)
Package: xcolor-patch 2016/05/16 xcolor patch
Package: atveryend 2016/05/16 v1.9 Hooks at the very end of document (HO)
Package atveryend Info: \enddocument detected (standard20110627).
Package: atbegshi 2016/06/09 v1.18 At begin shipout hook (HO)
Package: refcount 2016/05/16 v3.5 Data extraction from label references (HO)
Package: hycolor 2016/05/16 v1.8 Color options for hyperref/bookmark (HO)
)
(/usr/share/texmf-dist/tex/latex/oberdiek/auxhook.sty
Package: auxhook 2016/05/16 v1.4 Hooks for auxiliary files (HO)
)
(/usr/share/texmf-dist/tex/latex/oberdiek/kvoptions.sty
Package: kvoptions 2016/05/16 v3.12 Key value format for package options (HO)
)
\@linkdim=\dimen124
\Hy@linkcounter=\count106
\Hy@pagecounter=\count107

(/usr/share/texmf-dist/tex/latex/hyperref/pd1enc.def
File: pd1enc.def 2019/09/28 v7.00a Hyperref: PDFDocEncoding definition (HO)
Now handling font encoding PD1 ...
... no UTF-8 mapping file for font encoding PD1
)
\Hy@SavedSpaceFactor=\count108

(/usr/share/texmf-dist/tex/latex/latexconfig/hyperref.cfg
File: hyperref.cfg 2002/06/06 v1.2 hyperref configuration of TeXLive
)
Package hyperref Info: Hyper figures OFF on input line 4540.
Package hyperref Info: Link nesting OFF on input line 4545.
Package hyperref Info: Hyper index ON on input line 4548.
Package hyperref Info: Plain pages OFF on input line 4555.
Package hyperref Info: Backreferencing OFF on input line 4560.
Package hyperref Info: Implicit mode ON; LaTeX internals redefined.
Package hyperref Info: Bookmarks ON on input line 4793.
\c@Hy@tempcnt=\count109

(/usr/share/texmf-dist/tex/latex/url/url.sty
\Urlmuskip=\muskip11
Package: url 2013/09/16  ver 3.4  Verb mode for urls, etc.
)
LaTeX Info: Redefining \url on input line 5152.
\XeTeXLinkMargin=\dimen125
\Fld@menulength=\count110
\Field@Width=\dimen126
\Fld@charsize=\dimen127
Package hyperref Info: Hyper figures OFF on input line 6423.
Package hyperref Info: Link nesting OFF on input line 6428.
Package hyperref Info: Hyper index ON on input line 6431.
Package hyperref Info: backreferencing OFF on input line 6438.
Package hyperref Info: Link coloring OFF on input line 6443.
Package hyperref Info: Link coloring with OCG OFF on input line 6448.
Package hyperref Info: PDF/A mode OFF on input line 6453.
LaTeX Info: Redefining \ref on input line 6493.
LaTeX Info: Redefining \pageref on input line 6497.
\Hy@abspage=\count111
\c@Item=\count112
\c@Hfootnote=\count113
)
Package hyperref Info: Driver (autodetected): hpdftex.

(/usr/share/texmf-dist/tex/latex/hyperref/hpdftex.def
File: hpdftex.def 2019/09/28 v7.00a Hyperref driver for pdfTeX
\Fld@listcount=\count114
\c@bookmark@seq@number=\count115

(/usr/share/texmf-dist/tex/latex/oberdiek/rerunfilecheck.sty
Package: rerunfilecheck 2016/05/16 v1.8 Rerun checks for auxiliary files (HO)
Package uniquecounter Info: New unique counter `rerunfilecheck' on input line 2
82.
)
\Hy@SectionHShift=\skip52
) (./sample.aux

LaTeX Warning: Label `latexcompanion' multiply defined.


LaTeX Warning: Label `latexcompanion' multiply defined.


LaTeX Warning: Label `latexcompanion' multiply defined.


LaTeX Warning: Label `latexcompanion' multiply defined.


LaTeX Warning: Label `latexcompanion' multiply defined.


LaTeX Warning: Label `latexcompanion' multiply defined.


LaTeX Warning: Label `latexcompanion' multiply defined.


LaTeX Warning: Label `latexcompanion' multiply defined.

)
\openout1 = `sample.aux'.

LaTeX Font Info:    Checking defaults for OML/txmi/m/it on input line 7.
LaTeX Font Info:    Trying to load font information for OML+txmi on input line 
7.
 (/usr/share/texmf-dist/tex/latex/txfonts/omltxmi.fd
File: omltxmi.fd 2000/12/15 v3.1
)
LaTeX Font Info:    ... okay on input line 7.
LaTeX Font Info:    Checking defaults for T1/cmr/m/n on input line 7.
LaTeX Font Info:    ... okay on input line 7.
LaTeX Font Info:    Checking defaults for OT1/cmr/m/n on input line 7.
LaTeX Font Info:    ... okay on input line 7.
LaTeX Font Info:    Checking defaults for OMS/txsy/m/n on input line 7.
LaTeX Font Info:    Trying to load font information for OMS+txsy on input line 
7.

(/usr/share/texmf-dist/tex/latex/txfonts/omstxsy.fd
File: omstxsy.fd 2000/12/15 v3.1
)
LaTeX Font Info:    ... okay on input line 7.
LaTeX Font Info:    Checking defaults for OMX/txex/m/n on input line 7.
LaTeX Font Info:    Trying to load font information for OMX+txex on input line 
7.

(/usr/share/texmf-dist/tex/latex/txfonts/omxtxex.fd
File: omxtxex.fd 2000/12/15 v3.1
)
LaTeX Font Info:    ... okay on input line 7.
LaTeX Font Info:    Checking defaults for U/txexa/m/n on input line 7.
LaTeX Font Info:    Trying to load font information for U+txexa on input line 7
.

(/usr/share/texmf-dist/tex/latex/txfonts/utxexa.fd
File: utxexa.fd 2000/12/15 v3.1
)
LaTeX Font Info:    ... okay on input line 7.
LaTeX Font Info:    Checking defaults for PD1/pdf/m/n on input line 7.
LaTeX Font Info:    ... okay on input line 7.
LaTeX Font Info:    Trying to load font information for OT1+txr on input line 7
.

(/usr/share/texmf-dist/tex/latex/txfonts/ot1txr.fd
File: ot1txr.fd 2000/12/15 v3.1
)
(/usr/share/texmf-dist/tex/context/base/mkii/supp-pdf.mkii
[Loading MPS to PDF converter (version 2006.09.02).]
\scratchcounter=\count116
\scratchdimen=\dimen128
\scratchbox=\box31
\nofMPsegments=\count117
\nofMParguments=\count118
\everyMPshowfont=\toks32
\MPscratchCnt=\count119
\MPscratchDim=\dimen129
\MPnumerator=\count120
\makeMPintoPDFobject=\count121
\everyMPtoPDFconversion=\toks33
) (/usr/share/texmf-dist/tex/latex/oberdiek/epstopdf-base.sty
Package: epstopdf-base 2016/05/15 v2.6 Base part for package epstopdf

(/usr/share/texmf-dist/tex/latex/oberdiek/grfext.sty
Package: grfext 2016/05/16 v1.2 Manage graphics extensions (HO)
)
Package epstopdf-base Info: Redefining graphics rule for `.eps' on input line 4
38.
Package grfext Info: Graphics extension search list:
(grfext)             [.pdf,.png,.jpg,.mps,.jpeg,.jbig2,.jb2,.PDF,.PNG,.JPG,.JPE
G,.JBIG2,.JB2,.eps]
(grfext)             \AppendGraphicsExtensions on input line 456.

(/usr/share/texmf-dist/tex/latex/latexconfig/epstopdf-sys.cfg
File: epstopdf-sys.cfg 2010/07/13 v1.3 Configuration of (r)epstopdf for TeX Liv
e
))
*geometry* driver: auto-detecting
*geometry* detected driver: pdftex
*geometry* verbose mode - [ preamble ] result:
* driver: pdftex
* paper: a4paper
* layout: <same size as paper>
* layoutoffset:(h,v)=(0.0pt,0.0pt)
* bindingoffset: 32.72049pt
* modes: twoside 
* h-part:(L,W,R)=(59.75095pt, 284.52756pt, 220.50888pt)
* v-part:(T,H,B)=(72.26999pt, 554.82874pt, 217.94812pt)
* \paperwidth=597.50787pt
* \paperheight=845.04684pt
* \textwidth=284.52756pt
* \textheight=554.82874pt
* \oddsidemargin=20.20145pt
* \evensidemargin=148.23889pt
* \topmargin=-26.22636pt
* \headheight=12.0pt
* \headsep=14.22636pt
* \topskip=11.0pt
* \footskip=30.0pt
* \marginparwidth=113.81102pt
* \marginparsep=14.22636pt
* \columnsep=10.0pt
* \skip\footins=10.0pt plus 4.0pt minus 2.0pt
* \hoffset=0.0pt
* \voffset=90.3375pt
* \mag=1000
* \@twocolumnfalse
* \@twosidetrue
* \@mparswitchtrue
* \@reversemarginfalse
* (1in=72.27pt=25.4mm, 1cm=28.453pt)

\AtBeginShipoutBox=\box32
Package hyperref Info: Link coloring OFF on input line 7.
(/usr/share/texmf-dist/tex/latex/hyperref/nameref.sty
Package: nameref 2019/09/16 v2.46 Cross-referencing by name of section

(/usr/share/texmf-dist/tex/generic/oberdiek/gettitlestring.sty
Package: gettitlestring 2016/05/16 v1.5 Cleanup title references (HO)
)
\c@section@level=\count122
)
LaTeX Info: Redefining \ref on input line 7.
LaTeX Info: Redefining \pageref on input line 7.
LaTeX Info: Redefining \nameref on input line 7.
 (./sample.out) (./sample.out)
\@outlinefile=\write3
\openout3 = `sample.out'.

LaTeX Font Info:    Trying to load font information for OT1+txss on input line 
14.
 (/usr/share/texmf-dist/tex/latex/txfonts/ot1txss.fd
File: ot1txss.fd 2000/12/15 v3.1
)
LaTeX Font Info:    Font shape `OT1/txss/m/n' will be
(Font)              scaled to size 12.34996pt on input line 14.
LaTeX Font Info:    Trying to load font information for U+txsya on input line 1
4.

(/usr/share/texmf-dist/tex/latex/txfonts/utxsya.fd
File: utxsya.fd 2000/12/15 v3.1
)
LaTeX Font Info:    Trying to load font information for U+txsyb on input line 1
4.

(/usr/share/texmf-dist/tex/latex/txfonts/utxsyb.fd
File: utxsyb.fd 2000/12/15 v3.1
)
LaTeX Font Info:    Trying to load font information for U+txmia on input line 1
4.

(/usr/share/texmf-dist/tex/latex/txfonts/utxmia.fd
File: utxmia.fd 2000/12/15 v3.1
)
LaTeX Font Info:    Trying to load font information for U+txsyc on input line 1
4.

(/usr/share/texmf-dist/tex/latex/txfonts/utxsyc.fd
File: utxsyc.fd 2000/12/15 v3.1
)
Overfull \hbox (128.0374pt too wide) in paragraph at lines 14--14
$[]$ 
 []

Package marginnote Info: Margin note 1.1 is on absolute page 1 on input line 20
.
Package marginnote Info: xpos seems to be 92.47144pt on input line 20.
Package epstopdf Info: Source file: <akshansh.eps>
(epstopdf)                    date: 2020-06-17 17:38:01
(epstopdf)                    size: 33622658 bytes
(epstopdf)             Output file: <akshansh-eps-converted-to.pdf>
(epstopdf)                    date: 2020-06-17 17:39:04
(epstopdf)                    size: 1771742 bytes
(epstopdf)             Command: <repstopdf --outfile=akshansh-eps-converted-to.
pdf akshansh.eps>
(epstopdf)             \includegraphics on input line 20.
Package epstopdf Info: Output file is already uptodate.
<akshansh-eps-converted-to.pdf, id=16, 2360.82pt x 2360.82pt>
File: akshansh-eps-converted-to.pdf Graphic file (type pdf)
<use akshansh-eps-converted-to.pdf>
Package pdftex.def Info: akshansh-eps-converted-to.pdf  used on input line 20.
(pdftex.def)             Requested size: 56.9055pt x 56.88057pt.
Package marginnote Info: Margin note 1.2 is on absolute page 1 on input line 20
.
Package marginnote Info: xpos seems to be 397.62535pt on input line 20.
Package epstopdf Info: Source file: <aryan.eps>
(epstopdf)                    date: 2020-06-18 00:37:47
(epstopdf)                    size: 7395233 bytes
(epstopdf)             Output file: <aryan-eps-converted-to.pdf>
(epstopdf)                    date: 2020-06-18 00:38:15
(epstopdf)                    size: 506848 bytes
(epstopdf)             Command: <repstopdf --outfile=aryan-eps-converted-to.pdf
 aryan.eps>
(epstopdf)             \includegraphics on input line 20.
Package epstopdf Info: Output file is already uptodate.
<aryan-eps-converted-to.pdf, id=17, 953.5625pt x 1284.8pt>
File: aryan-eps-converted-to.pdf Graphic file (type pdf)
<use aryan-eps-converted-to.pdf>
Package pdftex.def Info: aryan-eps-converted-to.pdf  used on input line 20.
(pdftex.def)             Requested size: 56.9055pt x 76.65337pt.

Overfull \hbox (1.41905pt too wide) in paragraph at lines 20--20
[]  
 []


Overfull \hbox (1.41905pt too wide) in paragraph at lines 20--20
[]  
 []


Overfull \hbox (4.46432pt too wide) in paragraph at lines 22--24
[]\OT1/txr/bx/n/11 Algorithms in-volv-ing Monte Carlo Meth-ods are com-par-a-ti
vely
 []

LaTeX Font Info:    Trying to load font information for OMS+txr on input line 4
0.
(/usr/share/texmf-dist/tex/latex/txfonts/omstxr.fd
File: omstxr.fd 2000/12/15 v3.1
)
LaTeX Font Info:    Font shape `OMS/txr/m/n' in size <10> not available
(Font)              Font shape `OMS/txsy/m/n' tried instead on input line 40.
Package marginnote Info: Margin note 1.3 is on absolute page 2 on input line 52
.
Package epstopdf Info: Source file: <fractal_1.eps>
(epstopdf)                    date: 2020-06-20 16:48:07
(epstopdf)                    size: 324088 bytes
(epstopdf)             Output file: <fractal_1-eps-converted-to.pdf>
(epstopdf)                    date: 2020-06-20 16:48:52
(epstopdf)                    size: 16180 bytes
(epstopdf)             Command: <repstopdf --outfile=fractal_1-eps-converted-to
.pdf fractal_1.eps>
(epstopdf)             \includegraphics on input line 52.
Package epstopdf Info: Output file is already uptodate.
<fractal_1-eps-converted-to.pdf, id=18, 236.885pt x 222.8325pt>
File: fractal_1-eps-converted-to.pdf Graphic file (type pdf)
<use fractal_1-eps-converted-to.pdf>
Package pdftex.def Info: fractal_1-eps-converted-to.pdf  used on input line 52.

(pdftex.def)             Requested size: 85.35826pt x 80.29443pt.
Package marginnote Info: Margin note 1.4 is on absolute page 2 on input line 52
.
Package epstopdf Info: Source file: <fractal_2.eps>
(epstopdf)                    date: 2020-06-20 16:48:12
(epstopdf)                    size: 299530 bytes
(epstopdf)             Output file: <fractal_2-eps-converted-to.pdf>
(epstopdf)                    date: 2020-06-20 16:50:01
(epstopdf)                    size: 28173 bytes
(epstopdf)             Command: <repstopdf --outfile=fractal_2-eps-converted-to
.pdf fractal_2.eps>
(epstopdf)             \includegraphics on input line 52.
Package epstopdf Info: Output file is already uptodate.
<fractal_2-eps-converted-to.pdf, id=19, 227.85126pt x 213.79875pt>
File: fractal_2-eps-converted-to.pdf Graphic file (type pdf)
<use fractal_2-eps-converted-to.pdf>
Package pdftex.def Info: fractal_2-eps-converted-to.pdf  used on input line 52.

(pdftex.def)             Requested size: 85.35826pt x 80.09602pt.
Package marginnote Info: Margin note 1.5 is on absolute page 2 on input line 52
.
Package epstopdf Info: Source file: <fractal_3.eps>
(epstopdf)                    date: 2020-06-20 16:48:16
(epstopdf)                    size: 312856 bytes
(epstopdf)             Output file: <fractal_3-eps-converted-to.pdf>
(epstopdf)                    date: 2020-06-20 16:50:01
(epstopdf)                    size: 22220 bytes
(epstopdf)             Command: <repstopdf --outfile=fractal_3-eps-converted-to
.pdf fractal_3.eps>
(epstopdf)             \includegraphics on input line 52.
Package epstopdf Info: Output file is already uptodate.
<fractal_3-eps-converted-to.pdf, id=20, 234.8775pt x 216.81pt>
File: fractal_3-eps-converted-to.pdf Graphic file (type pdf)
<use fractal_3-eps-converted-to.pdf>
Package pdftex.def Info: fractal_3-eps-converted-to.pdf  used on input line 52.

(pdftex.def)             Requested size: 85.35826pt x 78.79257pt.
Package marginnote Info: Margin note 1.6 is on absolute page 2 on input line 52
.
Package epstopdf Info: Source file: <fractal_4.eps>
(epstopdf)                    date: 2020-06-20 16:48:21
(epstopdf)                    size: 342732 bytes
(epstopdf)             Output file: <fractal_4-eps-converted-to.pdf>
(epstopdf)                    date: 2020-06-20 16:50:02
(epstopdf)                    size: 16250 bytes
(epstopdf)             Command: <repstopdf --outfile=fractal_4-eps-converted-to
.pdf fractal_4.eps>
(epstopdf)             \includegraphics on input line 52.
Package epstopdf Info: Output file is already uptodate.
<fractal_4-eps-converted-to.pdf, id=21, 236.885pt x 235.88126pt>
File: fractal_4-eps-converted-to.pdf Graphic file (type pdf)
<use fractal_4-eps-converted-to.pdf>
Package pdftex.def Info: fractal_4-eps-converted-to.pdf  used on input line 52.

(pdftex.def)             Requested size: 85.35826pt x 84.99637pt.
LaTeX Font Info:    Trying to load font information for OT1+txtt on input line 
52.

(/usr/share/texmf-dist/tex/latex/txfonts/ot1txtt.fd
File: ot1txtt.fd 2000/12/15 v3.1
)
LaTeX Font Info:    Font shape `OT1/txtt/bx/n' in size <8> not available
(Font)              Font shape `OT1/txtt/b/n' tried instead on input line 52.

Overfull \hbox (1.41905pt too wide) in paragraph at lines 52--52
 []
 []

Package marginnote Info: xpos seems to be 98.87149pt on input line 52.

Overfull \hbox (1.41905pt too wide) in paragraph at lines 52--52
 []
 []

Package marginnote Info: xpos seems to be 98.87149pt on input line 52.

Overfull \hbox (1.41905pt too wide) in paragraph at lines 52--52
 []
 []

Package marginnote Info: xpos seems to be 98.87149pt on input line 52.

Overfull \hbox (1.41905pt too wide) in paragraph at lines 52--52
 []
 []

Package marginnote Info: xpos seems to be 220.50888pt on input line 52.
LaTeX Font Info:    Font shape `OT1/txss/bx/n' in size <8> not available
(Font)              Font shape `OT1/txss/b/n' tried instead on input line 52.
LaTeX Font Info:    Font shape `OT1/txss/b/n' will be
(Font)              scaled to size 7.59998pt on input line 52.

Overfull \hbox (130.11789pt too wide) has occurred while \output is active
$[]$ 
 []

Package epstopdf Info: Source file: <logo.eps>
(epstopdf)                    date: 2016-08-16 12:28:08
(epstopdf)                    size: 120590 bytes
(epstopdf)             Output file: <logo-eps-converted-to.pdf>
(epstopdf)                    date: 2020-06-17 17:30:30
(epstopdf)                    size: 51603 bytes
(epstopdf)             Command: <repstopdf --outfile=logo-eps-converted-to.pdf 
logo.eps>
(epstopdf)             \includegraphics on input line 52.
Package epstopdf Info: Output file is already uptodate.
<logo-eps-converted-to.pdf, id=23, 794.97pt x 325.215pt>
File: logo-eps-converted-to.pdf Graphic file (type pdf)
<use logo-eps-converted-to.pdf>
Package pdftex.def Info: logo-eps-converted-to.pdf  used on input line 52.
(pdftex.def)             Requested size: 56.9055pt x 23.27849pt.
LaTeX Font Info:    Font shape `OT1/txss/m/n' will be
(Font)              scaled to size 7.59998pt on input line 52.

Overfull \hbox (132.19838pt too wide) has occurred while \output is active
 $[]$ 
 []

[1{/var/lib/texmf/fonts/map/pdftex/updmap/pdftex.map}

 <./akshansh-eps-converted-to.pdf> <./aryan-eps-converted-to.pdf> <./logo-eps-c
onverted-to.pdf>]
Overfull \hbox (6.15758pt too wide) in paragraph at lines 60--61
\OT1/txr/m/n/10 volve around whole num-bers and clas-si-cal ge-ome-tries like s
quares,
 []


Underfull \hbox (badness 10000) in paragraph at lines 60--61

 []

Package epstopdf Info: Source file: <logo.eps>
(epstopdf)                    date: 2016-08-16 12:28:08
(epstopdf)                    size: 120590 bytes
(epstopdf)             Output file: <logo-eps-converted-to.pdf>
(epstopdf)                    date: 2020-06-17 17:30:30
(epstopdf)                    size: 51603 bytes
(epstopdf)             Command: <repstopdf --outfile=logo-eps-converted-to.pdf 
logo.eps>
(epstopdf)             \includegraphics on input line 71.
Package epstopdf Info: Output file is already uptodate.
File: logo-eps-converted-to.pdf Graphic file (type pdf)
<use logo-eps-converted-to.pdf>
Package pdftex.def Info: logo-eps-converted-to.pdf  used on input line 71.
(pdftex.def)             Requested size: 56.9055pt x 23.27849pt.

Overfull \hbox (4.16098pt too wide) has occurred while \output is active
 | $[]$ 
 []

[2 <./fractal_1-eps-converted-to.pdf> <./fractal_2-eps-converted-to.pdf> <./fra
ctal_3-eps-converted-to.pdf> <./fractal_4-eps-converted-to.pdf>]
Package marginnote Info: Margin note 3.1 is on absolute page 3 on input line 79
.
Package marginnote Info: xpos seems to be 92.47144pt on input line 79.
Package epstopdf Info: Source file: <fractal_tree.eps>
(epstopdf)                    date: 2020-06-20 17:10:47
(epstopdf)                    size: 6123858 bytes
(epstopdf)             Output file: <fractal_tree-eps-converted-to.pdf>
(epstopdf)                    date: 2020-06-20 17:11:16
(epstopdf)                    size: 111701 bytes
(epstopdf)             Command: <repstopdf --outfile=fractal_tree-eps-converted
-to.pdf fractal_tree.eps>
(epstopdf)             \includegraphics on input line 79.
Package epstopdf Info: Output file is already uptodate.
<fractal_tree-eps-converted-to.pdf, id=64, 1743.51375pt x 1743.51375pt>
File: fractal_tree-eps-converted-to.pdf Graphic file (type pdf)
<use fractal_tree-eps-converted-to.pdf>
Package pdftex.def Info: fractal_tree-eps-converted-to.pdf  used on input line 
79.
(pdftex.def)             Requested size: 99.58464pt x 99.57819pt.

Overfull \hbox (1.41905pt too wide) in paragraph at lines 79--79
[]  
 []


Underfull \hbox (badness 10000) in paragraph at lines 91--92

 []


Underfull \hbox (badness 10000) in paragraph at lines 91--92

 []


Underfull \hbox (badness 10000) in paragraph at lines 91--92

 []


Underfull \hbox (badness 10000) in paragraph at lines 91--92

 []


Underfull \hbox (badness 10000) in paragraph at lines 91--92

 []


Underfull \vbox (badness 1320) has occurred while \output is active []


Overfull \hbox (130.11789pt too wide) has occurred while \output is active
$[]$ 
 []

Package epstopdf Info: Source file: <logo.eps>
(epstopdf)                    date: 2016-08-16 12:28:08
(epstopdf)                    size: 120590 bytes
(epstopdf)             Output file: <logo-eps-converted-to.pdf>
(epstopdf)                    date: 2020-06-17 17:30:30
(epstopdf)                    size: 51603 bytes
(epstopdf)             Command: <repstopdf --outfile=logo-eps-converted-to.pdf 
logo.eps>
(epstopdf)             \includegraphics on input line 94.
Package epstopdf Info: Output file is already uptodate.
File: logo-eps-converted-to.pdf Graphic file (type pdf)
<use logo-eps-converted-to.pdf>
Package pdftex.def Info: logo-eps-converted-to.pdf  used on input line 94.
(pdftex.def)             Requested size: 56.9055pt x 23.27849pt.

Overfull \hbox (132.19838pt too wide) has occurred while \output is active
 $[]$ 
 []

[3 <./fractal_tree-eps-converted-to.pdf>]
Package marginnote Info: Margin note 4.1 is on absolute page 4 on input line 11
4.
Package epstopdf Info: Source file: <fractal_tree_ss_1.eps>
(epstopdf)                    date: 2020-06-21 05:31:02
(epstopdf)                    size: 7006322 bytes
(epstopdf)             Output file: <fractal_tree_ss_1-eps-converted-to.pdf>
(epstopdf)                    date: 2020-06-21 05:31:33
(epstopdf)                    size: 84871 bytes
(epstopdf)             Command: <repstopdf --outfile=fractal_tree_ss_1-eps-conv
erted-to.pdf fractal_tree_ss_1.eps>
(epstopdf)             \includegraphics on input line 114.
Package epstopdf Info: Output file is already uptodate.
<fractal_tree_ss_1-eps-converted-to.pdf, id=78, 722.7pt x 1606.0pt>
File: fractal_tree_ss_1-eps-converted-to.pdf Graphic file (type pdf)
<use fractal_tree_ss_1-eps-converted-to.pdf>
Package pdftex.def Info: fractal_tree_ss_1-eps-converted-to.pdf  used on input 
line 114.
(pdftex.def)             Requested size: 85.35826pt x 189.67299pt.

Overfull \hbox (1.41905pt too wide) in paragraph at lines 114--114
 []
 []

Package marginnote Info: xpos seems to be 220.50888pt on input line 114.
Package epstopdf Info: Source file: <logo.eps>
(epstopdf)                    date: 2016-08-16 12:28:08
(epstopdf)                    size: 120590 bytes
(epstopdf)             Output file: <logo-eps-converted-to.pdf>
(epstopdf)                    date: 2020-06-17 17:30:30
(epstopdf)                    size: 51603 bytes
(epstopdf)             Command: <repstopdf --outfile=logo-eps-converted-to.pdf 
logo.eps>
(epstopdf)             \includegraphics on input line 128.
Package epstopdf Info: Output file is already uptodate.
File: logo-eps-converted-to.pdf Graphic file (type pdf)
<use logo-eps-converted-to.pdf>
Package pdftex.def Info: logo-eps-converted-to.pdf  used on input line 128.
(pdftex.def)             Requested size: 56.9055pt x 23.27849pt.

Overfull \hbox (4.16098pt too wide) has occurred while \output is active
 | $[]$ 
 []

[4 <./fractal_tree_ss_1-eps-converted-to.pdf>]
Underfull \hbox (badness 10000) in paragraph at lines 131--132

 []

Package epstopdf Info: Source file: <fractal_tree_ss_2.eps>
(epstopdf)                    date: 2020-06-21 05:31:07
(epstopdf)                    size: 7006322 bytes
(epstopdf)             Output file: <fractal_tree_ss_2-eps-converted-to.pdf>
(epstopdf)                    date: 2020-06-21 05:43:54
(epstopdf)                    size: 114316 bytes
(epstopdf)             Command: <repstopdf --outfile=fractal_tree_ss_2-eps-conv
erted-to.pdf fractal_tree_ss_2.eps>
(epstopdf)             \includegraphics on input line 136.
Package epstopdf Info: Output file is already uptodate.
<fractal_tree_ss_2-eps-converted-to.pdf, id=89, 722.7pt x 1606.0pt>
File: fractal_tree_ss_2-eps-converted-to.pdf Graphic file (type pdf)
<use fractal_tree_ss_2-eps-converted-to.pdf>
Package pdftex.def Info: fractal_tree_ss_2-eps-converted-to.pdf  used on input 
line 136.
(pdftex.def)             Requested size: 93.89418pt x 208.64029pt.
Package epstopdf Info: Source file: <fractal_tree_ss_3.eps>
(epstopdf)                    date: 2020-06-21 06:04:51
(epstopdf)                    size: 7006322 bytes
(epstopdf)             Output file: <fractal_tree_ss_3-eps-converted-to.pdf>
(epstopdf)                    date: 2020-06-21 06:05:14
(epstopdf)                    size: 83857 bytes
(epstopdf)             Command: <repstopdf --outfile=fractal_tree_ss_3-eps-conv
erted-to.pdf fractal_tree_ss_3.eps>
(epstopdf)             \includegraphics on input line 137.
Package epstopdf Info: Output file is already uptodate.
<fractal_tree_ss_3-eps-converted-to.pdf, id=90, 722.7pt x 1606.0pt>
File: fractal_tree_ss_3-eps-converted-to.pdf Graphic file (type pdf)
<use fractal_tree_ss_3-eps-converted-to.pdf>
Package pdftex.def Info: fractal_tree_ss_3-eps-converted-to.pdf  used on input 
line 137.
(pdftex.def)             Requested size: 93.89418pt x 208.64029pt.

Underfull \hbox (badness 10000) in paragraph at lines 141--142

 []


Underfull \vbox (badness 10000) has occurred while \output is active []


Overfull \hbox (130.11789pt too wide) has occurred while \output is active
$[]$ 
 []

Package epstopdf Info: Source file: <logo.eps>
(epstopdf)                    date: 2016-08-16 12:28:08
(epstopdf)                    size: 120590 bytes
(epstopdf)             Output file: <logo-eps-converted-to.pdf>
(epstopdf)                    date: 2020-06-17 17:30:30
(epstopdf)                    size: 51603 bytes
(epstopdf)             Command: <repstopdf --outfile=logo-eps-converted-to.pdf 
logo.eps>
(epstopdf)             \includegraphics on input line 144.
Package epstopdf Info: Output file is already uptodate.
File: logo-eps-converted-to.pdf Graphic file (type pdf)
<use logo-eps-converted-to.pdf>
Package pdftex.def Info: logo-eps-converted-to.pdf  used on input line 144.
(pdftex.def)             Requested size: 56.9055pt x 23.27849pt.

Overfull \hbox (132.19838pt too wide) has occurred while \output is active
 $[]$ 
 []

[5 <./fractal_tree_ss_2-eps-converted-to.pdf> <./fractal_tree_ss_3-eps-converte
d-to.pdf>]
Package epstopdf Info: Source file: <fractal_tree_ss_4.eps>
(epstopdf)                    date: 2020-06-21 06:04:55
(epstopdf)                    size: 7006322 bytes
(epstopdf)             Output file: <fractal_tree_ss_4-eps-converted-to.pdf>
(epstopdf)                    date: 2020-06-21 06:12:17
(epstopdf)                    size: 92785 bytes
(epstopdf)             Command: <repstopdf --outfile=fractal_tree_ss_4-eps-conv
erted-to.pdf fractal_tree_ss_4.eps>
(epstopdf)             \includegraphics on input line 147.
Package epstopdf Info: Output file is already uptodate.
<fractal_tree_ss_4-eps-converted-to.pdf, id=99, 722.7pt x 1606.0pt>
File: fractal_tree_ss_4-eps-converted-to.pdf Graphic file (type pdf)
<use fractal_tree_ss_4-eps-converted-to.pdf>
Package pdftex.def Info: fractal_tree_ss_4-eps-converted-to.pdf  used on input 
line 147.
(pdftex.def)             Requested size: 93.89418pt x 208.64029pt.
Package epstopdf Info: Source file: <fractal_tree_ss_5.eps>
(epstopdf)                    date: 2020-06-21 06:05:00
(epstopdf)                    size: 7006322 bytes
(epstopdf)             Output file: <fractal_tree_ss_5-eps-converted-to.pdf>
(epstopdf)                    date: 2020-06-21 06:12:23
(epstopdf)                    size: 122280 bytes
(epstopdf)             Command: <repstopdf --outfile=fractal_tree_ss_5-eps-conv
erted-to.pdf fractal_tree_ss_5.eps>
(epstopdf)             \includegraphics on input line 148.
Package epstopdf Info: Output file is already uptodate.
<fractal_tree_ss_5-eps-converted-to.pdf, id=100, 722.7pt x 1606.0pt>
File: fractal_tree_ss_5-eps-converted-to.pdf Graphic file (type pdf)
<use fractal_tree_ss_5-eps-converted-to.pdf>
Package pdftex.def Info: fractal_tree_ss_5-eps-converted-to.pdf  used on input 
line 148.
(pdftex.def)             Requested size: 93.89418pt x 208.64029pt.
Package marginnote Info: Margin note 6.1 is on absolute page 6 on input line 15
1.

Overfull \hbox (0.57744pt too wide) in paragraph at lines 151--151
 []
 []

Package marginnote Info: xpos seems to be 391.33134pt on input line 151.

Overfull \hbox (61.52293pt too wide) detected at line 157
[]  \OT1/txr/m/n/10.95 =  []  =  []  =  []  =  \OML/txmi/m/it/10.95 k
 []


Overfull \hbox (0.23763pt too wide) in paragraph at lines 163--164
[]\OT1/txr/m/n/10.95 The points are gen-er-ated in the \OT1/txr/bx/n/10.95 Dart
 \OT1/txr/m/n/10.95 lan-guage us-ing the \OT1/txr/m/it/10.95 dart:math
 []

Package epstopdf Info: Source file: <logo.eps>
(epstopdf)                    date: 2016-08-16 12:28:08
(epstopdf)                    size: 120590 bytes
(epstopdf)             Output file: <logo-eps-converted-to.pdf>
(epstopdf)                    date: 2020-06-17 17:30:30
(epstopdf)                    size: 51603 bytes
(epstopdf)             Command: <repstopdf --outfile=logo-eps-converted-to.pdf 
logo.eps>
(epstopdf)             \includegraphics on input line 165.
Package epstopdf Info: Output file is already uptodate.
File: logo-eps-converted-to.pdf Graphic file (type pdf)
<use logo-eps-converted-to.pdf>
Package pdftex.def Info: logo-eps-converted-to.pdf  used on input line 165.
(pdftex.def)             Requested size: 56.9055pt x 23.27849pt.

Overfull \hbox (4.16098pt too wide) has occurred while \output is active
 | $[]$ 
 []

[6 <./fractal_tree_ss_4-eps-converted-to.pdf> <./fractal_tree_ss_5-eps-converte
d-to.pdf>]
Package marginnote Info: Margin note 7.1 is on absolute page 7 on input line 17
2.
Package marginnote Info: xpos seems to be 92.47144pt on input line 172.
Package epstopdf Info: Source file: <pi.eps>
(epstopdf)                    date: 2020-06-21 07:34:04
(epstopdf)                    size: 666291 bytes
(epstopdf)             Output file: <pi-eps-converted-to.pdf>
(epstopdf)                    date: 2020-06-21 07:34:12
(epstopdf)                    size: 79031 bytes
(epstopdf)             Command: <repstopdf --outfile=pi-eps-converted-to.pdf pi
.eps>
(epstopdf)             \includegraphics on input line 172.
Package epstopdf Info: Output file is already uptodate.
<pi-eps-converted-to.pdf, id=113, 538.01pt x 588.1975pt>
File: pi-eps-converted-to.pdf Graphic file (type pdf)
<use pi-eps-converted-to.pdf>
Package pdftex.def Info: pi-eps-converted-to.pdf  used on input line 172.
(pdftex.def)             Requested size: 99.57954pt x 99.57939pt.

Overfull \hbox (1.41905pt too wide) in paragraph at lines 172--172
[]  
 []


Underfull \vbox (badness 2799) has occurred while \output is active []


Overfull \hbox (130.11789pt too wide) has occurred while \output is active
$[]$ 
 []

Package epstopdf Info: Source file: <logo.eps>
(epstopdf)                    date: 2016-08-16 12:28:08
(epstopdf)                    size: 120590 bytes
(epstopdf)             Output file: <logo-eps-converted-to.pdf>
(epstopdf)                    date: 2020-06-17 17:30:30
(epstopdf)                    size: 51603 bytes
(epstopdf)             Command: <repstopdf --outfile=logo-eps-converted-to.pdf 
logo.eps>
(epstopdf)             \includegraphics on input line 188.
Package epstopdf Info: Output file is already uptodate.
File: logo-eps-converted-to.pdf Graphic file (type pdf)
<use logo-eps-converted-to.pdf>
Package pdftex.def Info: logo-eps-converted-to.pdf  used on input line 188.
(pdftex.def)             Requested size: 56.9055pt x 23.27849pt.

Overfull \hbox (132.19838pt too wide) has occurred while \output is active
 $[]$ 
 []

[7 <./pi-eps-converted-to.pdf>]
Package epstopdf Info: Source file: <pi_ss_1.eps>
(epstopdf)                    date: 2020-06-21 07:38:39
(epstopdf)                    size: 7006312 bytes
(epstopdf)             Output file: <pi_ss_1-eps-converted-to.pdf>
(epstopdf)                    date: 2020-06-21 07:39:08
(epstopdf)                    size: 282130 bytes
(epstopdf)             Command: <repstopdf --outfile=pi_ss_1-eps-converted-to.p
df pi_ss_1.eps>
(epstopdf)             \includegraphics on input line 192.
Package epstopdf Info: Output file is already uptodate.
<pi_ss_1-eps-converted-to.pdf, id=121, 722.7pt x 1606.0pt>
File: pi_ss_1-eps-converted-to.pdf Graphic file (type pdf)
<use pi_ss_1-eps-converted-to.pdf>
Package pdftex.def Info: pi_ss_1-eps-converted-to.pdf  used on input line 192.
(pdftex.def)             Requested size: 113.81102pt x 252.89732pt.
Package epstopdf Info: Source file: <pi_ss_2.eps>
(epstopdf)                    date: 2020-06-21 07:38:44
(epstopdf)                    size: 7006312 bytes
(epstopdf)             Output file: <pi_ss_2-eps-converted-to.pdf>
(epstopdf)                    date: 2020-06-21 07:39:48
(epstopdf)                    size: 317498 bytes
(epstopdf)             Command: <repstopdf --outfile=pi_ss_2-eps-converted-to.p
df pi_ss_2.eps>
(epstopdf)             \includegraphics on input line 193.
Package epstopdf Info: Output file is already uptodate.
<pi_ss_2-eps-converted-to.pdf, id=122, 722.7pt x 1606.0pt>
File: pi_ss_2-eps-converted-to.pdf Graphic file (type pdf)
<use pi_ss_2-eps-converted-to.pdf>
Package pdftex.def Info: pi_ss_2-eps-converted-to.pdf  used on input line 193.
(pdftex.def)             Requested size: 113.81102pt x 252.89732pt.
Package epstopdf Info: Source file: <pi_ss_3.eps>
(epstopdf)                    date: 2020-06-21 07:38:49
(epstopdf)                    size: 7006312 bytes
(epstopdf)             Output file: <pi_ss_3-eps-converted-to.pdf>
(epstopdf)                    date: 2020-06-21 07:39:54
(epstopdf)                    size: 388285 bytes
(epstopdf)             Command: <repstopdf --outfile=pi_ss_3-eps-converted-to.p
df pi_ss_3.eps>
(epstopdf)             \includegraphics on input line 194.
Package epstopdf Info: Output file is already uptodate.
<pi_ss_3-eps-converted-to.pdf, id=123, 722.7pt x 1606.0pt>
File: pi_ss_3-eps-converted-to.pdf Graphic file (type pdf)
<use pi_ss_3-eps-converted-to.pdf>
Package pdftex.def Info: pi_ss_3-eps-converted-to.pdf  used on input line 194.
(pdftex.def)             Requested size: 113.81102pt x 252.89732pt.
Package marginnote Info: Margin note 8.1 is on absolute page 8 on input line 19
9.

Overfull \hbox (0.57744pt too wide) in paragraph at lines 199--199
 []
 []

Package marginnote Info: xpos seems to be 220.50888pt on input line 199.

Overfull \hbox (38.67523pt too wide) in paragraph at lines 216--218
[][]$\OT1/txtt/b/n/8 https : / / machinelearningmastery . com / monte-[]carlo-[
]sampling-[]for-[]probability/$[][] 
 []


Underfull \hbox (badness 10000) in paragraph at lines 216--218

 []

Package epstopdf Info: Source file: <logo.eps>
(epstopdf)                    date: 2016-08-16 12:28:08
(epstopdf)                    size: 120590 bytes
(epstopdf)             Output file: <logo-eps-converted-to.pdf>
(epstopdf)                    date: 2020-06-17 17:30:30
(epstopdf)                    size: 51603 bytes
(epstopdf)             Command: <repstopdf --outfile=logo-eps-converted-to.pdf 
logo.eps>
(epstopdf)             \includegraphics on input line 218.
Package epstopdf Info: Output file is already uptodate.
File: logo-eps-converted-to.pdf Graphic file (type pdf)
<use logo-eps-converted-to.pdf>
Package pdftex.def Info: logo-eps-converted-to.pdf  used on input line 218.
(pdftex.def)             Requested size: 56.9055pt x 23.27849pt.

Overfull \hbox (4.16098pt too wide) has occurred while \output is active
 | $[]$ 
 []

[8 <./pi_ss_1-eps-converted-to.pdf> <./pi_ss_2-eps-converted-to.pdf> <./pi_ss_3
-eps-converted-to.pdf>]
Underfull \hbox (badness 10000) in paragraph at lines 220--222

 []


Overfull \hbox (72.2752pt too wide) in paragraph at lines 224--226
[][]$\OT1/txtt/b/n/8 https : / / www . scratchapixel . com / lessons / mathemat
ics-[]physics-[]for-[]computer-[]graphics /
 []


Underfull \hbox (badness 10000) in paragraph at lines 224--226

 []


Underfull \hbox (badness 10000) in paragraph at lines 228--230
[][]$\OT1/txtt/b/n/8 http : / / ib . berkeley . edu / labs / slatkin / eriq / c
lasses / guest _ lect / mc _
 []


Underfull \hbox (badness 10000) in paragraph at lines 228--230

 []


Underfull \hbox (badness 10000) in paragraph at lines 232--233

 []


Underfull \hbox (badness 10000) in paragraph at lines 235--236

 []


Underfull \hbox (badness 10000) in paragraph at lines 238--240
[][]$\OT1/txtt/b/n/8 https : / / www . cs . mcgill . ca / []rwest / wikispeedia
 / wpcd / wp / f / Fractal .
 []


Underfull \hbox (badness 10000) in paragraph at lines 238--240

 []


Underfull \hbox (badness 10000) in paragraph at lines 242--244
[][]$\OT1/txtt/b/n/8 http : / / www . fractal . org / Bewustzijns-[]Besturings-
[]Model /
 []


Underfull \hbox (badness 10000) in paragraph at lines 242--244

 []


Underfull \hbox (badness 10000) in paragraph at lines 246--248
[][]$\OT1/txtt/b/n/8 http : / / www . fractal . org / Bewustzijns-[]Besturings-
[]Model /
 []


Underfull \hbox (badness 10000) in paragraph at lines 246--248

 []

Package atveryend Info: Empty hook `BeforeClearDocument' on input line 255.

Overfull \hbox (130.11789pt too wide) has occurred while \output is active
$[]$ 
 []

Package epstopdf Info: Source file: <logo.eps>
(epstopdf)                    date: 2016-08-16 12:28:08
(epstopdf)                    size: 120590 bytes
(epstopdf)             Output file: <logo-eps-converted-to.pdf>
(epstopdf)                    date: 2020-06-17 17:30:30
(epstopdf)                    size: 51603 bytes
(epstopdf)             Command: <repstopdf --outfile=logo-eps-converted-to.pdf 
logo.eps>
(epstopdf)             \includegraphics on input line 255.
Package epstopdf Info: Output file is already uptodate.
File: logo-eps-converted-to.pdf Graphic file (type pdf)
<use logo-eps-converted-to.pdf>
Package pdftex.def Info: logo-eps-converted-to.pdf  used on input line 255.
(pdftex.def)             Requested size: 56.9055pt x 23.27849pt.

Overfull \hbox (132.19838pt too wide) has occurred while \output is active
 $[]$ 
 []

[9pdfTeX warning (ext4): destination with the same identifier (name{cite.latexc
ompanion}) has been already used, duplicate ignored

\AtBegShi@Output ...ipout \box \AtBeginShipoutBox 
                                                  \fi \fi 
l.255 \end{document}
                    pdfTeX warning (ext4): destination with the same identifier
 (name{cite.latexcompanion}) has been already used, duplicate ignored

\AtBegShi@Output ...ipout \box \AtBeginShipoutBox 
                                                  \fi \fi 
l.255 \end{document}
                    pdfTeX warning (ext4): destination with the same identifier
 (name{cite.latexcompanion}) has been already used, duplicate ignored

\AtBegShi@Output ...ipout \box \AtBeginShipoutBox 
                                                  \fi \fi 
l.255 \end{document}
                    pdfTeX warning (ext4): destination with the same identifier
 (name{cite.latexcompanion}) has been already used, duplicate ignored

\AtBegShi@Output ...ipout \box \AtBeginShipoutBox 
                                                  \fi \fi 
l.255 \end{document}
                    pdfTeX warning (ext4): destination with the same identifier
 (name{cite.latexcompanion}) has been already used, duplicate ignored

\AtBegShi@Output ...ipout \box \AtBeginShipoutBox 
                                                  \fi \fi 
l.255 \end{document}
                    pdfTeX warning (ext4): destination with the same identifier
 (name{cite.latexcompanion}) has been already used, duplicate ignored

\AtBegShi@Output ...ipout \box \AtBeginShipoutBox 
                                                  \fi \fi 
l.255 \end{document}
                    pdfTeX warning (ext4): destination with the same identifier
 (name{cite.latexcompanion}) has been already used, duplicate ignored

\AtBegShi@Output ...ipout \box \AtBeginShipoutBox 
                                                  \fi \fi 
l.255 \end{document}
                    pdfTeX warning (ext4): destination with the same identifier
 (name{cite.latexcompanion}) has been already used, duplicate ignored

\AtBegShi@Output ...ipout \box \AtBeginShipoutBox 
                                                  \fi \fi 
l.255 \end{document}
                    pdfTeX warning (ext4): destination with the same identifier
 (name{cite.latexcompanion}) has been already used, duplicate ignored

\AtBegShi@Output ...ipout \box \AtBeginShipoutBox 
                                                  \fi \fi 
l.255 \end{document}
                    ]
Package atveryend Info: Empty hook `AfterLastShipout' on input line 255.
 (./sample.aux)
Package atveryend Info: Executing hook `AtVeryEndDocument' on input line 255.
Package atveryend Info: Executing hook `AtEndAfterFileList' on input line 255.
Package rerunfilecheck Info: File `sample.out' has not changed.
(rerunfilecheck)             Checksum: 8F5F0F3E96A59AC0586EE9A23A088C8E;144.


LaTeX Warning: There were multiply-defined labels.

Package atveryend Info: Empty hook `AtVeryVeryEnd' on input line 255.
 ) 
Here is how much of TeX's memory you used:
 8523 strings out of 492167
 119189 string characters out of 6131558
 216581 words of memory out of 5000000
 12710 multiletter control sequences out of 15000+600000
 54623 words of font info for 124 fonts, out of 8000000 for 9000
 1141 hyphenation exceptions out of 8191
 48i,60n,52p,454b,1105s stack positions out of 5000i,500n,10000p,200000b,80000s
{/usr/share/texmf-dist/fonts/enc/dvips/base/8r.enc}</usr/share/texmf-dist/fon
ts/type1/public/txfonts/rtxb.pfb></usr/share/texmf-dist/fonts/type1/public/txfo
nts/rtxmi.pfb></usr/share/texmf-dist/fonts/type1/public/txfonts/rtxr.pfb></usr/
share/texmf-dist/fonts/type1/public/txfonts/txbtt.pfb></usr/share/texmf-dist/fo
nts/type1/public/txfonts/txex.pfb></usr/share/texmf-dist/fonts/type1/public/txf
onts/txsy.pfb></usr/share/texmf-dist/fonts/type1/public/txfonts/txtt.pfb></usr/
share/texmf-dist/fonts/type1/urw/helvetic/uhvb8a.pfb></usr/share/texmf-dist/fon
ts/type1/urw/helvetic/uhvr8a.pfb></usr/share/texmf-dist/fonts/type1/urw/times/u
tmb8a.pfb></usr/share/texmf-dist/fonts/type1/urw/times/utmbi8a.pfb></usr/share/
texmf-dist/fonts/type1/urw/times/utmr8a.pfb></usr/share/texmf-dist/fonts/type1/
urw/times/utmri8a.pfb>
Output written on sample.pdf (9 pages, 4161838 bytes).
PDF statistics:
 207 PDF objects out of 1000 (max. 8388607)
 144 compressed objects within 2 object streams
 24 named destinations out of 1000 (max. 500000)
 110 words of extra memory for PDF output out of 10000 (max. 10000000)

